Thu Apr 21 23:12:26 CDT 2022
Using numpyro 0.6.0
Using jax 0.2.10
Will run these ['Mg1EDTAp1a', 'Mg1EDTAp1b', 'Mg1EDTAp1c', 'Mg1EDTAp1d', 'Mg1EDTAp1e', 'Mgp5EDTAp05a', 'Mgp5EDTAp05b', 'Mgp5EDTAp05c', 'Mgp5EDTAp05e', 'Mgp5EDTAp05f', 'Mgp5EDTAp05g', 'Mgp5EDTAp05h', 'Mgp5EDTAp05i', 'Mgp5EDTAp05j']
Running Mg1EDTAp1a

                 mean       std    median      5.0%     95.0%     n_eff     r_hat
     DeltaG     -8.99      0.08     -8.99     -9.12     -8.87  38783.87      1.00
     DeltaH     -2.10      0.15     -2.10     -2.35     -1.86  39852.95      1.00
   DeltaH_0     -0.00      0.00     -0.00     -0.00     -0.00  40381.39      1.00
         Ls      1.12      0.08      1.11      0.99      1.25  39825.79      1.00
         P0      0.09      0.01      0.09      0.08      0.10  39840.77      1.00
  log_sigma    -14.78      0.17    -14.79    -15.04    -14.50  39485.69      1.00

Number of divergences: 0
Running Mg1EDTAp1b

                 mean       std    median      5.0%     95.0%     n_eff     r_hat
     DeltaG     -9.00      0.06     -9.00     -9.09     -8.90  38592.96      1.00
     DeltaH     -2.12      0.15     -2.11     -2.37     -1.87  39108.10      1.00
   DeltaH_0     -0.00      0.00     -0.00     -0.00     -0.00  40253.80      1.00
         Ls      1.09      0.08      1.09      0.96      1.21  39143.33      1.00
         P0      0.09      0.01      0.09      0.08      0.10  39159.68      1.00
  log_sigma    -15.32      0.17    -15.33    -15.59    -15.05  37767.37      1.00

Number of divergences: 0
Running Mg1EDTAp1c

                 mean       std    median      5.0%     95.0%     n_eff     r_hat
     DeltaG     -8.97      0.06     -8.97     -9.07     -8.87  39961.58      1.00
     DeltaH     -2.07      0.15     -2.07     -2.30     -1.82  39206.51      1.00
   DeltaH_0     -0.00      0.00     -0.00     -0.00     -0.00  39970.71      1.00
         Ls      1.09      0.08      1.09      0.96      1.21  39369.86      1.00
         P0      0.09      0.01      0.09      0.08      0.10  39358.03      1.00
  log_sigma    -15.24      0.17    -15.25    -15.50    -14.97  39327.02      1.00

Number of divergences: 0
Running Mg1EDTAp1d

                 mean       std    median      5.0%     95.0%     n_eff     r_hat
     DeltaG     -9.16      0.13     -9.16     -9.37     -8.94  39562.34      1.00
     DeltaH     -2.37      0.17     -2.37     -2.65     -2.09  39324.21      1.00
   DeltaH_0     -0.00      0.00     -0.00     -0.00     -0.00  39950.02      1.00
         Ls      0.97      0.07      0.97      0.86      1.08  39397.25      1.00
         P0      0.10      0.01      0.10      0.09      0.11  39458.93      1.00
  log_sigma    -14.09      0.17    -14.10    -14.36    -13.82  39651.74      1.00

Number of divergences: 0
Running Mg1EDTAp1e

                 mean       std    median      5.0%     95.0%     n_eff     r_hat
     DeltaG     -9.35      0.19     -9.34     -9.62     -9.08  21868.64      1.00
     DeltaH     -2.24      0.16     -2.24     -2.50     -1.97  39559.84      1.00
   DeltaH_0     -0.00      0.00     -0.00     -0.00     -0.00  40351.58      1.00
         Ls      1.03      0.07      1.02      0.91      1.15  39910.92      1.00
         P0      0.10      0.01      0.10      0.08      0.11  39940.21      1.00
  log_sigma    -14.03      0.17    -14.04    -14.30    -13.76  39311.02      1.00

Number of divergences: 0
Running Mgp5EDTAp05a

                 mean       std    median      5.0%     95.0%     n_eff     r_hat
     DeltaG     -9.03      0.12     -9.03     -9.23     -8.83  39367.72      1.00
     DeltaH     -2.48      0.18     -2.47     -2.78     -2.19  39491.50      1.00
   DeltaH_0     -0.00      0.00     -0.00     -0.00     -0.00  39872.75      1.00
         Ls      0.46      0.03      0.46      0.41      0.52  39663.39      1.00
         P0      0.05      0.00      0.05      0.05      0.06  39764.92      1.00
  log_sigma    -14.74      0.16    -14.74    -14.99    -14.47  39206.13      1.00

Number of divergences: 0
Running Mgp5EDTAp05b

                 mean       std    median      5.0%     95.0%     n_eff     r_hat
     DeltaG     -8.81      0.08     -8.81     -8.94     -8.67  39661.05      1.00
     DeltaH     -2.24      0.16     -2.23     -2.49     -1.96  39771.62      1.00
   DeltaH_0     -0.00      0.00     -0.00     -0.00     -0.00  38726.26      1.00
         Ls      0.50      0.04      0.50      0.44      0.56  39245.24      1.00
         P0      0.05      0.00      0.05      0.04      0.05  39159.16      1.00
  log_sigma    -15.18      0.16    -15.18    -15.43    -14.91  38893.31      1.00

Number of divergences: 0
Running Mgp5EDTAp05c

                 mean       std    median      5.0%     95.0%     n_eff     r_hat
     DeltaG     -9.02      0.12     -9.02     -9.22     -8.82  39487.33      1.00
     DeltaH     -2.25      0.16     -2.24     -2.52     -1.98  39152.48      1.00
   DeltaH_0     -0.00      0.00     -0.00     -0.00     -0.00  39509.86      1.00
         Ls      0.48      0.03      0.48      0.43      0.54  39345.09      1.00
         P0      0.05      0.00      0.05      0.04      0.06  39212.36      1.00
  log_sigma    -14.80      0.16    -14.81    -15.07    -14.54  40224.47      1.00

Number of divergences: 0
Running Mgp5EDTAp05e

                 mean       std    median      5.0%     95.0%     n_eff     r_hat
     DeltaG     -8.71      0.22     -8.70     -9.07     -8.36  39529.53      1.00
     DeltaH     -2.62      0.21     -2.61     -2.95     -2.28  39860.44      1.00
   DeltaH_0     -0.00      0.00     -0.00     -0.00     -0.00  39892.79      1.00
         Ls      0.56      0.04      0.56      0.49      0.62  40030.40      1.00
         P0      0.04      0.00      0.04      0.04      0.05  40013.70      1.00
  log_sigma    -13.98      0.16    -13.99    -14.25    -13.72  40186.97      1.00

Number of divergences: 0
Running Mgp5EDTAp05f

                 mean       std    median      5.0%     95.0%     n_eff     r_hat
     DeltaG     -9.05      0.11     -9.05     -9.23     -8.87  40721.65      1.00
     DeltaH     -2.15      0.16     -2.14     -2.40     -1.89  39649.06      1.00
   DeltaH_0     -0.00      0.00     -0.00     -0.00     -0.00  40347.73      1.00
         Ls      0.50      0.04      0.50      0.45      0.56  39808.84      1.00
         P0      0.05      0.00      0.05      0.04      0.05  39852.27      1.00
  log_sigma    -14.92      0.16    -14.94    -15.19    -14.66  40059.56      1.00

Number of divergences: 0
Running Mgp5EDTAp05g

                 mean       std    median      5.0%     95.0%     n_eff     r_hat
     DeltaG     -8.86      0.13     -8.85     -9.06     -8.65  38836.99      1.00
     DeltaH     -2.03      0.15     -2.02     -2.27     -1.79  39738.89      1.00
   DeltaH_0     -0.00      0.00     -0.00     -0.00     -0.00  39286.62      1.00
         Ls      0.51      0.04      0.51      0.45      0.57  39667.65      1.00
         P0      0.05      0.00      0.05      0.04      0.05  39659.78      1.00
  log_sigma    -14.79      0.16    -14.80    -15.05    -14.53  39436.71      1.00

Number of divergences: 0
Running Mgp5EDTAp05h

                 mean       std    median      5.0%     95.0%     n_eff     r_hat
     DeltaG     -9.35      0.23     -9.34     -9.71     -8.98  39579.31      1.00
     DeltaH     -1.95      0.15     -1.95     -2.19     -1.71  39310.01      1.00
   DeltaH_0     -0.00      0.00     -0.00     -0.00     -0.00  39565.96      1.00
         Ls      0.49      0.03      0.49      0.43      0.55  39282.40      1.00
         P0      0.05      0.00      0.05      0.04      0.06  39016.87      1.00
  log_sigma    -14.34      0.16    -14.35    -14.60    -14.08  39511.74      1.00

Number of divergences: 0
Running Mgp5EDTAp05i

                 mean       std    median      5.0%     95.0%     n_eff     r_hat
     DeltaG     -8.93      0.09     -8.93     -9.08     -8.79  39042.55      1.00
     DeltaH     -2.20      0.16     -2.19     -2.45     -1.94  39414.57      1.00
   DeltaH_0     -0.00      0.00     -0.00     -0.00     -0.00  40030.45      1.00
         Ls      0.50      0.04      0.50      0.44      0.55  39266.92      1.00
         P0      0.05      0.00      0.05      0.04      0.06  39328.37      1.00
  log_sigma    -15.17      0.16    -15.18    -15.43    -14.90  39370.00      1.00

Number of divergences: 0
Running Mgp5EDTAp05j

                 mean       std    median      5.0%     95.0%     n_eff     r_hat
     DeltaG     -8.96      0.10     -8.96     -9.13     -8.80  39250.19      1.00
     DeltaH     -2.19      0.16     -2.19     -2.44     -1.92  39511.33      1.00
   DeltaH_0     -0.00      0.00     -0.00     -0.00     -0.00  40024.86      1.00
         Ls      0.49      0.03      0.49      0.43      0.55  39323.14      1.00
         P0      0.05      0.00      0.05      0.04      0.06  39325.00      1.00
  log_sigma    -15.02      0.16    -15.02    -15.27    -14.74  39881.23      1.00

Number of divergences: 0
DONE
Thu Apr 21 23:35:06 CDT 2022
