Thu Apr 21 23:12:09 CDT 2022
Using numpyro 0.6.0
Using jax 0.2.10
Will run these ['Mg1EDTAp1a', 'Mg1EDTAp1b', 'Mg1EDTAp1c', 'Mg1EDTAp1d', 'Mg1EDTAp1e', 'Mgp5EDTAp05a', 'Mgp5EDTAp05b', 'Mgp5EDTAp05c', 'Mgp5EDTAp05e', 'Mgp5EDTAp05f', 'Mgp5EDTAp05g', 'Mgp5EDTAp05h', 'Mgp5EDTAp05i', 'Mgp5EDTAp05j']
Running Mg1EDTAp1a

                 mean       std    median      5.0%     95.0%     n_eff     r_hat
     DeltaG     -8.99      0.08     -8.99     -9.12     -8.87  39892.63      1.00
     DeltaH     -2.11      0.15     -2.10     -2.35     -1.85  38513.04      1.00
   DeltaH_0     -0.00      0.00     -0.00     -0.00     -0.00  39735.82      1.00
         Ls      1.12      0.08      1.11      0.99      1.25  38492.21      1.00
         P0      0.09      0.01      0.09      0.08      0.10  38466.46      1.00
  log_sigma    -14.78      0.17    -14.79    -15.06    -14.51  39978.43      1.00

Number of divergences: 0
Running Mg1EDTAp1b

                 mean       std    median      5.0%     95.0%     n_eff     r_hat
     DeltaG     -9.00      0.06     -9.00     -9.09     -8.90  38015.21      1.00
     DeltaH     -2.12      0.15     -2.11     -2.37     -1.87  37960.07      1.00
   DeltaH_0     -0.00      0.00     -0.00     -0.00     -0.00  40278.33      1.00
         Ls      1.09      0.08      1.09      0.96      1.22  37975.68      1.00
         P0      0.09      0.01      0.09      0.08      0.10  37926.52      1.00
  log_sigma    -15.33      0.17    -15.34    -15.60    -15.06  39663.20      1.00

Number of divergences: 0
Running Mg1EDTAp1c

                 mean       std    median      5.0%     95.0%     n_eff     r_hat
     DeltaG     -8.97      0.06     -8.97     -9.07     -8.87  39432.37      1.00
     DeltaH     -2.07      0.15     -2.07     -2.30     -1.82  38936.76      1.00
   DeltaH_0     -0.00      0.00     -0.00     -0.00     -0.00  38464.66      1.00
         Ls      1.09      0.08      1.09      0.96      1.22  38806.27      1.00
         P0      0.09      0.01      0.09      0.08      0.10  38804.15      1.00
  log_sigma    -15.24      0.17    -15.25    -15.52    -14.98  37715.01      1.00

Number of divergences: 0
Running Mg1EDTAp1d

                 mean       std    median      5.0%     95.0%     n_eff     r_hat
     DeltaG     -9.16      0.13     -9.16     -9.38     -8.95  39849.39      1.00
     DeltaH     -2.37      0.17     -2.37     -2.65     -2.08  39047.31      1.00
   DeltaH_0     -0.00      0.00     -0.00     -0.00     -0.00  40001.05      1.00
         Ls      0.97      0.07      0.97      0.86      1.08  39035.14      1.00
         P0      0.10      0.01      0.10      0.09      0.11  38990.41      1.00
  log_sigma    -14.09      0.17    -14.10    -14.37    -13.83  39788.17      1.00

Number of divergences: 0
Running Mg1EDTAp1e

                 mean       std    median      5.0%     95.0%     n_eff     r_hat
     DeltaG     -9.38      0.87     -9.34     -9.62     -9.08   1121.90      1.00
     DeltaH     -2.24      0.16     -2.24     -2.50     -1.97  39159.67      1.00
   DeltaH_0     -0.00      0.00     -0.00     -0.00     -0.00  31392.60      1.00
         Ls      1.03      0.07      1.02      0.91      1.14  39407.85      1.00
         P0      0.10      0.01      0.10      0.08      0.11  39435.28      1.00
  log_sigma    -14.03      0.17    -14.04    -14.30    -13.76  23770.11      1.00

Number of divergences: 0
Running Mgp5EDTAp05a

                 mean       std    median      5.0%     95.0%     n_eff     r_hat
     DeltaG     -9.03      0.12     -9.03     -9.23     -8.82  39996.45      1.00
     DeltaH     -2.47      0.18     -2.47     -2.77     -2.17  40236.49      1.00
   DeltaH_0     -0.00      0.00     -0.00     -0.00     -0.00  39118.74      1.00
         Ls      0.47      0.03      0.46      0.41      0.52  39962.13      1.00
         P0      0.05      0.00      0.05      0.05      0.06  39894.48      1.00
  log_sigma    -14.73      0.16    -14.74    -14.99    -14.47  39829.03      1.00

Number of divergences: 0
Running Mgp5EDTAp05b

                 mean       std    median      5.0%     95.0%     n_eff     r_hat
     DeltaG     -8.81      0.08     -8.81     -8.95     -8.67  39865.66      1.00
     DeltaH     -2.24      0.16     -2.23     -2.49     -1.96  38641.77      1.00
   DeltaH_0     -0.00      0.00     -0.00     -0.00     -0.00  39844.94      1.00
         Ls      0.50      0.04      0.50      0.44      0.56  38492.29      1.00
         P0      0.05      0.00      0.05      0.04      0.05  38518.36      1.00
  log_sigma    -15.18      0.16    -15.18    -15.45    -14.92  39344.07      1.00

Number of divergences: 0
Running Mgp5EDTAp05c

                 mean       std    median      5.0%     95.0%     n_eff     r_hat
     DeltaG     -9.02      0.12     -9.02     -9.23     -8.83  40028.33      1.00
     DeltaH     -2.25      0.16     -2.24     -2.52     -1.98  39434.51      1.00
   DeltaH_0     -0.00      0.00     -0.00     -0.00     -0.00  39240.84      1.00
         Ls      0.48      0.03      0.48      0.43      0.54  39439.25      1.00
         P0      0.05      0.00      0.05      0.05      0.06  39465.05      1.00
  log_sigma    -14.80      0.16    -14.81    -15.06    -14.54  39000.31      1.00

Number of divergences: 0
Running Mgp5EDTAp05e

                 mean       std    median      5.0%     95.0%     n_eff     r_hat
     DeltaG     -8.71      0.22     -8.70     -9.06     -8.36  38941.13      1.00
     DeltaH     -2.62      0.21     -2.61     -2.95     -2.27  37549.61      1.00
   DeltaH_0     -0.00      0.00     -0.00     -0.00     -0.00  39661.01      1.00
         Ls      0.56      0.04      0.56      0.49      0.62  38665.57      1.00
         P0      0.04      0.00      0.04      0.04      0.05  38384.67      1.00
  log_sigma    -13.98      0.16    -13.99    -14.25    -13.72  39546.49      1.00

Number of divergences: 0
Running Mgp5EDTAp05f

                 mean       std    median      5.0%     95.0%     n_eff     r_hat
     DeltaG     -9.05      0.11     -9.05     -9.24     -8.87  39734.43      1.00
     DeltaH     -2.14      0.16     -2.14     -2.40     -1.89  38948.55      1.00
   DeltaH_0     -0.00      0.00     -0.00     -0.00     -0.00  39423.97      1.00
         Ls      0.51      0.04      0.50      0.44      0.56  39014.46      1.00
         P0      0.05      0.00      0.05      0.04      0.05  39008.10      1.00
  log_sigma    -14.92      0.16    -14.93    -15.19    -14.66  38445.18      1.00

Number of divergences: 0
Running Mgp5EDTAp05g

                 mean       std    median      5.0%     95.0%     n_eff     r_hat
     DeltaG     -8.86      0.13     -8.85     -9.06     -8.65  40366.99      1.00
     DeltaH     -2.03      0.15     -2.02     -2.26     -1.77  39330.29      1.00
   DeltaH_0     -0.00      0.00     -0.00     -0.00     -0.00  38735.76      1.00
         Ls      0.51      0.04      0.51      0.45      0.57  39117.61      1.00
         P0      0.05      0.00      0.05      0.04      0.05  39320.89      1.00
  log_sigma    -14.79      0.16    -14.80    -15.05    -14.53  39907.80      1.00

Number of divergences: 0
Running Mgp5EDTAp05h

                 mean       std    median      5.0%     95.0%     n_eff     r_hat
     DeltaG     -9.35      0.30     -9.34     -9.70     -8.98  16698.57      1.00
     DeltaH     -1.95      0.15     -1.95     -2.21     -1.71  37061.56      1.00
   DeltaH_0     -0.00      0.00     -0.00     -0.00     -0.00  39323.82      1.00
         Ls      0.49      0.04      0.49      0.44      0.55  37062.57      1.00
         P0      0.05      0.00      0.05      0.04      0.06  37210.52      1.00
  log_sigma    -14.34      0.16    -14.35    -14.61    -14.08  39341.81      1.00

Number of divergences: 0
Running Mgp5EDTAp05i

                 mean       std    median      5.0%     95.0%     n_eff     r_hat
     DeltaG     -8.93      0.09     -8.93     -9.08     -8.78  40403.62      1.00
     DeltaH     -2.19      0.16     -2.19     -2.45     -1.93  39018.90      1.00
   DeltaH_0     -0.00      0.00     -0.00     -0.00     -0.00  39561.04      1.00
         Ls      0.50      0.04      0.50      0.44      0.56  38891.05      1.00
         P0      0.05      0.00      0.05      0.04      0.06  38968.99      1.00
  log_sigma    -15.17      0.16    -15.17    -15.43    -14.91  40034.77      1.00

Number of divergences: 0
Running Mgp5EDTAp05j

                 mean       std    median      5.0%     95.0%     n_eff     r_hat
     DeltaG     -8.96      0.10     -8.96     -9.12     -8.79  40194.22      1.00
     DeltaH     -2.19      0.16     -2.18     -2.46     -1.94  39125.92      1.00
   DeltaH_0     -0.00      0.00     -0.00     -0.00     -0.00  39470.87      1.00
         Ls      0.49      0.03      0.49      0.43      0.55  39109.05      1.00
         P0      0.05      0.00      0.05      0.04      0.06  39218.32      1.00
  log_sigma    -15.01      0.16    -15.02    -15.28    -14.76  39966.90      1.00

Number of divergences: 0
DONE
Thu Apr 21 23:35:36 CDT 2022
