Thu Apr 21 23:12:32 CDT 2022
Using numpyro 0.6.0
Using jax 0.2.10
Will run these ['Mg1EDTAp1a', 'Mg1EDTAp1b', 'Mg1EDTAp1c', 'Mg1EDTAp1d', 'Mg1EDTAp1e', 'Mgp5EDTAp05a', 'Mgp5EDTAp05b', 'Mgp5EDTAp05c', 'Mgp5EDTAp05e', 'Mgp5EDTAp05f', 'Mgp5EDTAp05g', 'Mgp5EDTAp05h', 'Mgp5EDTAp05i', 'Mgp5EDTAp05j']
Running Mg1EDTAp1a

                 mean       std    median      5.0%     95.0%     n_eff     r_hat
     DeltaG     -8.99      0.08     -8.99     -9.12     -8.87  39690.94      1.00
     DeltaH     -2.11      0.15     -2.10     -2.34     -1.85  39029.48      1.00
   DeltaH_0     -0.00      0.00     -0.00     -0.00     -0.00  40168.19      1.00
         Ls      1.12      0.08      1.11      0.99      1.25  38951.34      1.00
         P0      0.09      0.01      0.09      0.08      0.10  38927.61      1.00
  log_sigma    -14.78      0.17    -14.79    -15.05    -14.51  38982.33      1.00

Number of divergences: 0
Running Mg1EDTAp1b

                 mean       std    median      5.0%     95.0%     n_eff     r_hat
     DeltaG     -9.00      0.06     -9.00     -9.10     -8.91  39379.56      1.00
     DeltaH     -2.12      0.15     -2.12     -2.36     -1.87  39384.69      1.00
   DeltaH_0     -0.00      0.00     -0.00     -0.00     -0.00  40298.16      1.00
         Ls      1.09      0.08      1.09      0.96      1.21  39465.78      1.00
         P0      0.09      0.01      0.09      0.08      0.10  39512.67      1.00
  log_sigma    -15.32      0.17    -15.33    -15.60    -15.06  39406.88      1.00

Number of divergences: 0
Running Mg1EDTAp1c

                 mean       std    median      5.0%     95.0%     n_eff     r_hat
     DeltaG     -8.97      0.06     -8.97     -9.07     -8.87  38990.27      1.00
     DeltaH     -2.07      0.15     -2.07     -2.32     -1.83  38331.92      1.00
   DeltaH_0     -0.00      0.00     -0.00     -0.00     -0.00  40581.73      1.00
         Ls      1.09      0.08      1.09      0.96      1.21  38537.50      1.00
         P0      0.09      0.01      0.09      0.08      0.10  38558.19      1.00
  log_sigma    -15.24      0.17    -15.25    -15.51    -14.97  38607.97      1.00

Number of divergences: 0
Running Mg1EDTAp1d

                 mean       std    median      5.0%     95.0%     n_eff     r_hat
     DeltaG     -9.16      0.13     -9.16     -9.37     -8.94  39990.06      1.00
     DeltaH     -2.37      0.17     -2.37     -2.65     -2.09  38046.18      1.00
   DeltaH_0     -0.00      0.00     -0.00     -0.00     -0.00  40015.17      1.00
         Ls      0.97      0.07      0.97      0.86      1.08  38132.18      1.00
         P0      0.10      0.01      0.10      0.09      0.11  38257.44      1.00
  log_sigma    -14.09      0.17    -14.10    -14.36    -13.82  39045.18      1.00

Number of divergences: 0
Running Mg1EDTAp1e

                 mean       std    median      5.0%     95.0%     n_eff     r_hat
     DeltaG     -9.36      0.53     -9.34     -9.61     -9.07   2225.21      1.00
     DeltaH     -2.24      0.16     -2.24     -2.50     -1.98  37997.34      1.00
   DeltaH_0     -0.00      0.00     -0.00     -0.00     -0.00  39060.51      1.00
         Ls      1.03      0.07      1.02      0.90      1.14  37590.82      1.00
         P0      0.10      0.01      0.10      0.08      0.11  37567.33      1.00
  log_sigma    -14.03      0.17    -14.04    -14.30    -13.76  35988.04      1.00

Number of divergences: 0
Running Mgp5EDTAp05a

                 mean       std    median      5.0%     95.0%     n_eff     r_hat
     DeltaG     -9.03      0.12     -9.03     -9.23     -8.83  40116.98      1.00
     DeltaH     -2.48      0.18     -2.47     -2.76     -2.17  39329.86      1.00
   DeltaH_0     -0.00      0.00     -0.00     -0.00     -0.00  40059.04      1.00
         Ls      0.47      0.03      0.46      0.41      0.52  39249.84      1.00
         P0      0.05      0.00      0.05      0.05      0.06  39264.74      1.00
  log_sigma    -14.73      0.16    -14.74    -15.00    -14.48  40457.71      1.00

Number of divergences: 0
Running Mgp5EDTAp05b

                 mean       std    median      5.0%     95.0%     n_eff     r_hat
     DeltaG     -8.81      0.08     -8.81     -8.94     -8.67  39569.88      1.00
     DeltaH     -2.24      0.16     -2.23     -2.50     -1.97  39418.63      1.00
   DeltaH_0     -0.00      0.00     -0.00     -0.00     -0.00  39817.47      1.00
         Ls      0.50      0.04      0.50      0.44      0.56  39214.48      1.00
         P0      0.05      0.00      0.05      0.04      0.05  39139.64      1.00
  log_sigma    -15.18      0.16    -15.18    -15.44    -14.92  40718.27      1.00

Number of divergences: 0
Running Mgp5EDTAp05c

                 mean       std    median      5.0%     95.0%     n_eff     r_hat
     DeltaG     -9.02      0.12     -9.02     -9.21     -8.81  39651.20      1.00
     DeltaH     -2.25      0.16     -2.24     -2.51     -1.97  39399.48      1.00
   DeltaH_0     -0.00      0.00     -0.00     -0.00     -0.00  39644.37      1.00
         Ls      0.48      0.03      0.48      0.43      0.54  39660.22      1.00
         P0      0.05      0.00      0.05      0.05      0.06  39856.82      1.00
  log_sigma    -14.80      0.16    -14.81    -15.06    -14.53  39682.63      1.00

Number of divergences: 0
Running Mgp5EDTAp05e

                 mean       std    median      5.0%     95.0%     n_eff     r_hat
     DeltaG     -8.71      0.21     -8.70     -9.04     -8.34  40397.85      1.00
     DeltaH     -2.62      0.21     -2.61     -2.95     -2.28  40560.64      1.00
   DeltaH_0     -0.00      0.00     -0.00     -0.00     -0.00  40007.40      1.00
         Ls      0.56      0.04      0.56      0.49      0.62  40364.97      1.00
         P0      0.04      0.00      0.04      0.04      0.05  40144.69      1.00
  log_sigma    -13.98      0.16    -13.99    -14.25    -13.71  39726.61      1.00

Number of divergences: 0
Running Mgp5EDTAp05f

                 mean       std    median      5.0%     95.0%     n_eff     r_hat
     DeltaG     -9.05      0.11     -9.05     -9.23     -8.87  40362.41      1.00
     DeltaH     -2.14      0.16     -2.14     -2.39     -1.89  39750.90      1.00
   DeltaH_0     -0.00      0.00     -0.00     -0.00     -0.00  39203.96      1.00
         Ls      0.51      0.04      0.50      0.45      0.56  39396.37      1.00
         P0      0.05      0.00      0.05      0.04      0.05  39408.04      1.00
  log_sigma    -14.92      0.16    -14.93    -15.19    -14.66  39675.97      1.00

Number of divergences: 0
Running Mgp5EDTAp05g

                 mean       std    median      5.0%     95.0%     n_eff     r_hat
     DeltaG     -8.86      0.12     -8.85     -9.06     -8.65  40276.44      1.00
     DeltaH     -2.03      0.15     -2.02     -2.27     -1.78  39446.03      1.00
   DeltaH_0     -0.00      0.00     -0.00     -0.00     -0.00  40628.04      1.00
         Ls      0.51      0.04      0.51      0.45      0.57  39424.83      1.00
         P0      0.05      0.00      0.05      0.04      0.05  39569.40      1.00
  log_sigma    -14.79      0.16    -14.80    -15.06    -14.53  40337.75      1.00

Number of divergences: 0
Running Mgp5EDTAp05h

                 mean       std    median      5.0%     95.0%     n_eff     r_hat
     DeltaG     -9.35      0.22     -9.34     -9.72     -9.00  38190.64      1.00
     DeltaH     -1.95      0.15     -1.95     -2.20     -1.71  40243.06      1.00
   DeltaH_0     -0.00      0.00     -0.00     -0.00     -0.00  40320.35      1.00
         Ls      0.49      0.03      0.49      0.44      0.55  39996.47      1.00
         P0      0.05      0.00      0.05      0.04      0.06  39750.71      1.00
  log_sigma    -14.34      0.16    -14.35    -14.61    -14.08  39671.08      1.00

Number of divergences: 0
Running Mgp5EDTAp05i

                 mean       std    median      5.0%     95.0%     n_eff     r_hat
     DeltaG     -8.93      0.09     -8.93     -9.08     -8.79  40157.55      1.00
     DeltaH     -2.20      0.16     -2.19     -2.45     -1.93  39136.49      1.00
   DeltaH_0     -0.00      0.00     -0.00     -0.00     -0.00  39389.71      1.00
         Ls      0.50      0.04      0.50      0.44      0.56  39243.65      1.00
         P0      0.05      0.00      0.05      0.04      0.06  39237.47      1.00
  log_sigma    -15.17      0.16    -15.17    -15.43    -14.90  38356.49      1.00

Number of divergences: 0
Running Mgp5EDTAp05j

                 mean       std    median      5.0%     95.0%     n_eff     r_hat
     DeltaG     -8.96      0.10     -8.96     -9.12     -8.79  39665.55      1.00
     DeltaH     -2.19      0.16     -2.19     -2.46     -1.94  38679.51      1.00
   DeltaH_0     -0.00      0.00     -0.00     -0.00     -0.00  39996.88      1.00
         Ls      0.49      0.03      0.49      0.43      0.55  38756.05      1.00
         P0      0.05      0.00      0.05      0.04      0.06  38687.34      1.00
  log_sigma    -15.02      0.16    -15.02    -15.28    -14.75  39546.35      1.00

Number of divergences: 0
DONE
Thu Apr 21 23:35:35 CDT 2022
