Thu Apr 21 23:12:17 CDT 2022
Using numpyro 0.6.0
Using jax 0.2.10
Will run these ['Mg1EDTAp1a', 'Mg1EDTAp1b', 'Mg1EDTAp1c', 'Mg1EDTAp1d', 'Mg1EDTAp1e', 'Mgp5EDTAp05a', 'Mgp5EDTAp05b', 'Mgp5EDTAp05c', 'Mgp5EDTAp05e', 'Mgp5EDTAp05f', 'Mgp5EDTAp05g', 'Mgp5EDTAp05h', 'Mgp5EDTAp05i', 'Mgp5EDTAp05j']
Running Mg1EDTAp1a

                 mean       std    median      5.0%     95.0%     n_eff     r_hat
     DeltaG     -8.99      0.08     -8.99     -9.12     -8.87  39360.11      1.00
     DeltaH     -2.11      0.15     -2.10     -2.35     -1.86  38621.09      1.00
   DeltaH_0     -0.00      0.00     -0.00     -0.00     -0.00  38168.99      1.00
         Ls      1.12      0.08      1.11      0.99      1.25  38643.86      1.00
         P0      0.09      0.01      0.09      0.08      0.10  38681.43      1.00
  log_sigma    -14.78      0.17    -14.79    -15.06    -14.52  39507.51      1.00

Number of divergences: 0
Running Mg1EDTAp1b

                 mean       std    median      5.0%     95.0%     n_eff     r_hat
     DeltaG     -9.00      0.06     -9.00     -9.09     -8.90  39394.93      1.00
     DeltaH     -2.12      0.15     -2.11     -2.36     -1.87  39390.93      1.00
   DeltaH_0     -0.00      0.00     -0.00     -0.00     -0.00  39879.65      1.00
         Ls      1.09      0.08      1.09      0.97      1.22  39333.50      1.00
         P0      0.09      0.01      0.09      0.08      0.10  39303.90      1.00
  log_sigma    -15.33      0.17    -15.33    -15.60    -15.05  39850.60      1.00

Number of divergences: 0
Running Mg1EDTAp1c

                 mean       std    median      5.0%     95.0%     n_eff     r_hat
     DeltaG     -8.97      0.06     -8.97     -9.08     -8.88  38367.14      1.00
     DeltaH     -2.07      0.15     -2.07     -2.31     -1.83  38065.02      1.00
   DeltaH_0     -0.00      0.00     -0.00     -0.00     -0.00  39985.11      1.00
         Ls      1.09      0.08      1.09      0.96      1.21  38052.23      1.00
         P0      0.09      0.01      0.09      0.08      0.10  38040.99      1.00
  log_sigma    -15.24      0.17    -15.25    -15.52    -14.98  39945.72      1.00

Number of divergences: 0
Running Mg1EDTAp1d

                 mean       std    median      5.0%     95.0%     n_eff     r_hat
     DeltaG     -9.16      0.13     -9.16     -9.38     -8.94  40144.76      1.00
     DeltaH     -2.37      0.17     -2.37     -2.65     -2.09  38479.78      1.00
   DeltaH_0     -0.00      0.00     -0.00     -0.00     -0.00  39561.96      1.00
         Ls      0.97      0.07      0.97      0.86      1.08  38551.08      1.00
         P0      0.10      0.01      0.10      0.09      0.11  38609.62      1.00
  log_sigma    -14.09      0.17    -14.10    -14.36    -13.82  39302.73      1.00

Number of divergences: 0
Running Mg1EDTAp1e

                 mean       std    median      5.0%     95.0%     n_eff     r_hat
     DeltaG     -9.36      0.42     -9.34     -9.62     -9.08   3595.07      1.00
     DeltaH     -2.24      0.16     -2.24     -2.51     -1.97  38841.57      1.00
   DeltaH_0     -0.00      0.00     -0.00     -0.00     -0.00  39339.50      1.00
         Ls      1.03      0.07      1.02      0.90      1.14  38893.16      1.00
         P0      0.10      0.01      0.10      0.08      0.11  38906.69      1.00
  log_sigma    -14.03      0.17    -14.04    -14.31    -13.76  38430.03      1.00

Number of divergences: 0
Running Mgp5EDTAp05a

                 mean       std    median      5.0%     95.0%     n_eff     r_hat
     DeltaG     -9.03      0.12     -9.03     -9.23     -8.83  39707.95      1.00
     DeltaH     -2.48      0.18     -2.47     -2.76     -2.17  38664.23      1.00
   DeltaH_0     -0.00      0.00     -0.00     -0.00     -0.00  38724.07      1.00
         Ls      0.47      0.03      0.46      0.41      0.52  38984.16      1.00
         P0      0.05      0.00      0.05      0.05      0.06  39062.45      1.00
  log_sigma    -14.73      0.16    -14.74    -15.00    -14.47  38938.01      1.00

Number of divergences: 0
Running Mgp5EDTAp05b

                 mean       std    median      5.0%     95.0%     n_eff     r_hat
     DeltaG     -8.81      0.08     -8.81     -8.94     -8.67  39261.14      1.00
     DeltaH     -2.24      0.16     -2.23     -2.49     -1.97  39058.80      1.00
   DeltaH_0     -0.00      0.00     -0.00     -0.00     -0.00  39848.59      1.00
         Ls      0.50      0.04      0.50      0.44      0.56  39131.73      1.00
         P0      0.05      0.00      0.05      0.04      0.05  39149.67      1.00
  log_sigma    -15.18      0.16    -15.18    -15.44    -14.92  38590.70      1.00

Number of divergences: 0
Running Mgp5EDTAp05c

                 mean       std    median      5.0%     95.0%     n_eff     r_hat
     DeltaG     -9.02      0.12     -9.02     -9.22     -8.82  39358.11      1.00
     DeltaH     -2.24      0.16     -2.24     -2.51     -1.98  39512.85      1.00
   DeltaH_0     -0.00      0.00     -0.00     -0.00     -0.00  39972.23      1.00
         Ls      0.48      0.03      0.48      0.43      0.54  39615.88      1.00
         P0      0.05      0.00      0.05      0.05      0.06  39689.56      1.00
  log_sigma    -14.80      0.16    -14.81    -15.07    -14.54  39834.46      1.00

Number of divergences: 0
Running Mgp5EDTAp05e

                 mean       std    median      5.0%     95.0%     n_eff     r_hat
     DeltaG     -8.71      0.22     -8.70     -9.05     -8.35  39273.06      1.00
     DeltaH     -2.61      0.21     -2.61     -2.94     -2.27  38977.55      1.00
   DeltaH_0     -0.00      0.00     -0.00     -0.00     -0.00  39835.55      1.00
         Ls      0.56      0.04      0.56      0.49      0.62  37939.81      1.00
         P0      0.04      0.00      0.04      0.04      0.05  37774.20      1.00
  log_sigma    -13.98      0.16    -13.98    -14.25    -13.71  40626.04      1.00

Number of divergences: 0
Running Mgp5EDTAp05f

                 mean       std    median      5.0%     95.0%     n_eff     r_hat
     DeltaG     -9.05      0.11     -9.05     -9.23     -8.87  39126.05      1.00
     DeltaH     -2.14      0.15     -2.14     -2.39     -1.89  39095.79      1.00
   DeltaH_0     -0.00      0.00     -0.00     -0.00     -0.00  39380.66      1.00
         Ls      0.51      0.04      0.50      0.45      0.56  39100.87      1.00
         P0      0.05      0.00      0.05      0.04      0.05  39095.93      1.00
  log_sigma    -14.92      0.16    -14.93    -15.19    -14.66  39193.59      1.00

Number of divergences: 0
Running Mgp5EDTAp05g

                 mean       std    median      5.0%     95.0%     n_eff     r_hat
     DeltaG     -8.86      0.13     -8.85     -9.07     -8.66  40264.61      1.00
     DeltaH     -2.03      0.15     -2.02     -2.28     -1.79  39657.53      1.00
   DeltaH_0     -0.00      0.00     -0.00     -0.00     -0.00  39751.41      1.00
         Ls      0.51      0.04      0.51      0.45      0.57  39812.10      1.00
         P0      0.05      0.00      0.05      0.04      0.05  39978.44      1.00
  log_sigma    -14.79      0.16    -14.80    -15.06    -14.53  40368.67      1.00

Number of divergences: 0
Running Mgp5EDTAp05h

                 mean       std    median      5.0%     95.0%     n_eff     r_hat
     DeltaG     -9.37      0.61     -9.34     -9.72     -8.99   1992.17      1.00
     DeltaH     -1.95      0.15     -1.95     -2.20     -1.70  39938.45      1.00
   DeltaH_0     -0.00      0.00     -0.00     -0.00     -0.00  38113.55      1.00
         Ls      0.49      0.04      0.49      0.44      0.55  39775.20      1.00
         P0      0.05      0.00      0.05      0.04      0.06  39669.22      1.00
  log_sigma    -14.34      0.16    -14.35    -14.60    -14.07  38508.93      1.00

Number of divergences: 0
Running Mgp5EDTAp05i

                 mean       std    median      5.0%     95.0%     n_eff     r_hat
     DeltaG     -8.93      0.09     -8.93     -9.08     -8.79  40199.19      1.00
     DeltaH     -2.19      0.16     -2.19     -2.45     -1.94  39060.30      1.00
   DeltaH_0     -0.00      0.00     -0.00     -0.00     -0.00  40489.02      1.00
         Ls      0.50      0.04      0.50      0.44      0.55  39057.52      1.00
         P0      0.05      0.00      0.05      0.04      0.06  39057.84      1.00
  log_sigma    -15.17      0.16    -15.17    -15.43    -14.90  39026.27      1.00

Number of divergences: 0
Running Mgp5EDTAp05j

                 mean       std    median      5.0%     95.0%     n_eff     r_hat
     DeltaG     -8.96      0.10     -8.96     -9.13     -8.80  39105.59      1.00
     DeltaH     -2.19      0.16     -2.19     -2.45     -1.93  39011.74      1.00
   DeltaH_0     -0.00      0.00     -0.00     -0.00     -0.00  39949.51      1.00
         Ls      0.49      0.03      0.49      0.43      0.55  38984.97      1.00
         P0      0.05      0.00      0.05      0.04      0.06  39027.31      1.00
  log_sigma    -15.02      0.16    -15.02    -15.28    -14.75  40208.76      1.00

Number of divergences: 0
DONE
Thu Apr 21 23:35:38 CDT 2022
