Thu Apr 21 23:12:32 CDT 2022
Using numpyro 0.6.0
Using jax 0.2.10
Will run these ['Mg1EDTAp1a', 'Mg1EDTAp1b', 'Mg1EDTAp1c', 'Mg1EDTAp1d', 'Mg1EDTAp1e', 'Mgp5EDTAp05a', 'Mgp5EDTAp05b', 'Mgp5EDTAp05c', 'Mgp5EDTAp05e', 'Mgp5EDTAp05f', 'Mgp5EDTAp05g', 'Mgp5EDTAp05h', 'Mgp5EDTAp05i', 'Mgp5EDTAp05j']
Running Mg1EDTAp1a

                 mean       std    median      5.0%     95.0%     n_eff     r_hat
     DeltaG     -8.99      0.08     -8.99     -9.12     -8.87  39995.31      1.00
     DeltaH     -2.11      0.15     -2.10     -2.35     -1.86  39353.38      1.00
   DeltaH_0     -0.00      0.00     -0.00     -0.00     -0.00  38495.74      1.00
         Ls      1.12      0.08      1.11      0.99      1.24  39366.62      1.00
         P0      0.09      0.01      0.09      0.08      0.10  39378.06      1.00
  log_sigma    -14.78      0.17    -14.79    -15.05    -14.51  39872.78      1.00

Number of divergences: 0
Running Mg1EDTAp1b

                 mean       std    median      5.0%     95.0%     n_eff     r_hat
     DeltaG     -9.00      0.06     -9.00     -9.09     -8.90  39994.46      1.00
     DeltaH     -2.12      0.15     -2.11     -2.37     -1.87  39724.55      1.00
   DeltaH_0     -0.00      0.00     -0.00     -0.00     -0.00  38976.28      1.00
         Ls      1.09      0.08      1.09      0.96      1.22  39752.82      1.00
         P0      0.09      0.01      0.09      0.08      0.10  39763.49      1.00
  log_sigma    -15.32      0.17    -15.33    -15.61    -15.06  40213.66      1.00

Number of divergences: 0
Running Mg1EDTAp1c

                 mean       std    median      5.0%     95.0%     n_eff     r_hat
     DeltaG     -8.97      0.06     -8.97     -9.07     -8.87  39495.84      1.00
     DeltaH     -2.07      0.15     -2.07     -2.31     -1.83  38843.30      1.00
   DeltaH_0     -0.00      0.00     -0.00     -0.00     -0.00  39671.13      1.00
         Ls      1.09      0.08      1.09      0.96      1.21  38957.40      1.00
         P0      0.09      0.01      0.09      0.08      0.10  38993.18      1.00
  log_sigma    -15.24      0.17    -15.25    -15.51    -14.97  38529.94      1.00

Number of divergences: 4
Running Mg1EDTAp1d

                 mean       std    median      5.0%     95.0%     n_eff     r_hat
     DeltaG     -9.16      0.13     -9.16     -9.37     -8.94  40803.47      1.00
     DeltaH     -2.38      0.17     -2.37     -2.65     -2.08  40020.49      1.00
   DeltaH_0     -0.00      0.00     -0.00     -0.00     -0.00  39860.85      1.00
         Ls      0.97      0.07      0.97      0.86      1.08  40100.36      1.00
         P0      0.10      0.01      0.10      0.09      0.11  40070.49      1.00
  log_sigma    -14.09      0.17    -14.10    -14.36    -13.82  39751.73      1.00

Number of divergences: 0
Running Mg1EDTAp1e

                 mean       std    median      5.0%     95.0%     n_eff     r_hat
     DeltaG     -9.35      0.17     -9.34     -9.60     -9.07  40584.42      1.00
     DeltaH     -2.24      0.16     -2.24     -2.50     -1.97  39943.14      1.00
   DeltaH_0     -0.00      0.00     -0.00     -0.00     -0.00  39590.39      1.00
         Ls      1.03      0.07      1.02      0.91      1.15  40000.22      1.00
         P0      0.10      0.01      0.10      0.08      0.11  40034.68      1.00
  log_sigma    -14.03      0.17    -14.04    -14.30    -13.75  39566.60      1.00

Number of divergences: 0
Running Mgp5EDTAp05a

                 mean       std    median      5.0%     95.0%     n_eff     r_hat
     DeltaG     -9.03      0.12     -9.03     -9.23     -8.83  40677.57      1.00
     DeltaH     -2.48      0.18     -2.47     -2.77     -2.17  40022.08      1.00
   DeltaH_0     -0.00      0.00     -0.00     -0.00     -0.00  39336.60      1.00
         Ls      0.47      0.03      0.46      0.41      0.52  40015.07      1.00
         P0      0.05      0.00      0.05      0.05      0.06  40103.37      1.00
  log_sigma    -14.73      0.16    -14.74    -15.00    -14.47  40010.12      1.00

Number of divergences: 0
Running Mgp5EDTAp05b

                 mean       std    median      5.0%     95.0%     n_eff     r_hat
     DeltaG     -8.81      0.08     -8.81     -8.94     -8.67  40570.13      1.00
     DeltaH     -2.24      0.16     -2.23     -2.50     -1.97  39578.52      1.00
   DeltaH_0     -0.00      0.00     -0.00     -0.00     -0.00  40118.91      1.00
         Ls      0.50      0.04      0.50      0.44      0.56  39622.92      1.00
         P0      0.05      0.00      0.05      0.04      0.05  39666.39      1.00
  log_sigma    -15.18      0.16    -15.18    -15.44    -14.91  40809.84      1.00

Number of divergences: 0
Running Mgp5EDTAp05c

                 mean       std    median      5.0%     95.0%     n_eff     r_hat
     DeltaG     -9.03      0.12     -9.02     -9.22     -8.83  38649.50      1.00
     DeltaH     -2.25      0.16     -2.24     -2.51     -1.97  40757.94      1.00
   DeltaH_0     -0.00      0.00     -0.00     -0.00     -0.00  39704.57      1.00
         Ls      0.48      0.03      0.48      0.43      0.54  40787.92      1.00
         P0      0.05      0.00      0.05      0.05      0.06  40821.28      1.00
  log_sigma    -14.80      0.16    -14.81    -15.07    -14.54  39390.03      1.00

Number of divergences: 0
Running Mgp5EDTAp05e

                 mean       std    median      5.0%     95.0%     n_eff     r_hat
     DeltaG     -8.71      0.22     -8.70     -9.05     -8.36  38617.21      1.00
     DeltaH     -2.61      0.21     -2.61     -2.95     -2.28  39580.30      1.00
   DeltaH_0     -0.00      0.00     -0.00     -0.00     -0.00  39703.78      1.00
         Ls      0.56      0.04      0.56      0.49      0.62  38652.50      1.00
         P0      0.04      0.00      0.04      0.04      0.05  38799.34      1.00
  log_sigma    -13.98      0.16    -13.99    -14.24    -13.71  37996.32      1.00

Number of divergences: 0
Running Mgp5EDTAp05f

                 mean       std    median      5.0%     95.0%     n_eff     r_hat
     DeltaG     -9.05      0.11     -9.05     -9.23     -8.87  40474.32      1.00
     DeltaH     -2.15      0.16     -2.14     -2.40     -1.88  40595.72      1.00
   DeltaH_0     -0.00      0.00     -0.00     -0.00     -0.00  40203.14      1.00
         Ls      0.51      0.04      0.50      0.45      0.57  40670.03      1.00
         P0      0.05      0.00      0.05      0.04      0.05  40662.94      1.00
  log_sigma    -14.92      0.16    -14.93    -15.19    -14.66  39708.64      1.00

Number of divergences: 0
Running Mgp5EDTAp05g

                 mean       std    median      5.0%     95.0%     n_eff     r_hat
     DeltaG     -8.86      0.13     -8.85     -9.05     -8.65  39938.66      1.00
     DeltaH     -2.03      0.15     -2.02     -2.28     -1.79  40322.71      1.00
   DeltaH_0     -0.00      0.00     -0.00     -0.00     -0.00  38866.03      1.00
         Ls      0.51      0.04      0.51      0.45      0.57  40546.41      1.00
         P0      0.05      0.00      0.05      0.04      0.05  40661.15      1.00
  log_sigma    -14.79      0.16    -14.80    -15.06    -14.52  38277.00      1.00

Number of divergences: 0
Running Mgp5EDTAp05h

                 mean       std    median      5.0%     95.0%     n_eff     r_hat
     DeltaG     -9.36      0.52     -9.34     -9.70     -8.98   2257.86      1.00
     DeltaH     -1.95      0.15     -1.95     -2.19     -1.70  40002.41      1.00
   DeltaH_0     -0.00      0.00     -0.00     -0.00     -0.00  38903.89      1.00
         Ls      0.49      0.04      0.49      0.44      0.55  40208.23      1.00
         P0      0.05      0.00      0.05      0.04      0.06  40016.61      1.00
  log_sigma    -14.34      0.16    -14.35    -14.61    -14.08  35890.16      1.00

Number of divergences: 0
Running Mgp5EDTAp05i

                 mean       std    median      5.0%     95.0%     n_eff     r_hat
     DeltaG     -8.93      0.09     -8.93     -9.07     -8.78  40457.24      1.00
     DeltaH     -2.20      0.16     -2.19     -2.45     -1.94  39572.85      1.00
   DeltaH_0     -0.00      0.00     -0.00     -0.00     -0.00  39746.71      1.00
         Ls      0.50      0.04      0.50      0.44      0.55  39584.67      1.00
         P0      0.05      0.00      0.05      0.04      0.06  39620.87      1.00
  log_sigma    -15.17      0.16    -15.18    -15.44    -14.91  39272.75      1.00

Number of divergences: 0
Running Mgp5EDTAp05j

                 mean       std    median      5.0%     95.0%     n_eff     r_hat
     DeltaG     -8.96      0.10     -8.96     -9.12     -8.79  39802.76      1.00
     DeltaH     -2.19      0.16     -2.19     -2.45     -1.93  39765.47      1.00
   DeltaH_0     -0.00      0.00     -0.00     -0.00     -0.00  40083.08      1.00
         Ls      0.49      0.03      0.49      0.43      0.54  40009.99      1.00
         P0      0.05      0.00      0.05      0.04      0.06  40003.19      1.00
  log_sigma    -15.01      0.16    -15.02    -15.28    -14.75  39101.57      1.00

Number of divergences: 0
DONE
Thu Apr 21 23:35:12 CDT 2022
